Flow report for sorting
Mon Mar 30 18:35:25 2020
Quartus II Version 8.1 Build 163 10/28/2008 SJ Web Edition


---------------------
; Table of Contents ;
---------------------
  1. Legal Notice
  2. Flow Summary
  3. Flow Settings
  4. Flow Non-Default Global Settings
  5. Flow Elapsed Time
  6. Flow OS Summary
  7. Flow Log



----------------
; Legal Notice ;
----------------
Copyright (C) 1991-2008 Altera Corporation
Your use of Altera Corporation's design tools, logic functions 
and other software and tools, and its AMPP partner logic 
functions, and any output files from any of the foregoing 
(including device programming or simulation files), and any 
associated documentation or information are expressly subject 
to the terms and conditions of the Altera Program License 
Subscription Agreement, Altera MegaCore Function License 
Agreement, or other applicable license agreement, including, 
without limitation, that your use is for the sole purpose of 
programming logic devices manufactured by Altera and sold by 
Altera or its authorized distributors.  Please refer to the 
applicable agreement for further details.



+------------------------------------------------------------------------------+
; Flow Summary                                                                 ;
+------------------------------------+-----------------------------------------+
; Flow Status                        ; Successful - Mon Mar 30 18:35:25 2020   ;
; Quartus II Version                 ; 8.1 Build 163 10/28/2008 SJ Web Edition ;
; Revision Name                      ; sorting                                 ;
; Top-level Entity Name              ; Assem                                   ;
; Family                             ; Cyclone III                             ;
; Device                             ; EP3C25F324A7                            ;
; Timing Models                      ; Final                                   ;
; Met timing requirements            ; N/A                                     ;
; Total logic elements               ; 88 / 24,624 ( < 1 % )                   ;
;     Total combinational functions  ; 87 / 24,624 ( < 1 % )                   ;
;     Dedicated logic registers      ; 35 / 24,624 ( < 1 % )                   ;
; Total registers                    ; 35                                      ;
; Total pins                         ; 21 / 216 ( 10 % )                       ;
; Total virtual pins                 ; 0                                       ;
; Total memory bits                  ; 128 / 608,256 ( < 1 % )                 ;
; Embedded Multiplier 9-bit elements ; 0 / 132 ( 0 % )                         ;
; Total PLLs                         ; 0 / 4 ( 0 % )                           ;
+------------------------------------+-----------------------------------------+


+-----------------------------------------+
; Flow Settings                           ;
+-------------------+---------------------+
; Option            ; Setting             ;
+-------------------+---------------------+
; Start date & time ; 03/30/2020 18:35:11 ;
; Main task         ; Compilation         ;
; Revision Name     ; sorting             ;
+-------------------+---------------------+


+--------------------------------------------------------------------------------------------------------------------------+
; Flow Non-Default Global Settings                                                                                         ;
+------------------------------------+--------------------------------+---------------+-------------+----------------------+
; Assignment Name                    ; Value                          ; Default Value ; Entity Name ; Section Id           ;
+------------------------------------+--------------------------------+---------------+-------------+----------------------+
; COMPILER_SIGNATURE_ID              ; 66160491557031.158556811111424 ; --            ; --          ; --                   ;
; EDA_DESIGN_ENTRY_SYNTHESIS_TOOL    ; Custom                         ; <None>        ; --          ; --                   ;
; EDA_INPUT_DATA_FORMAT              ; Vhdl                           ; --            ; --          ; eda_design_synthesis ;
; EDA_NETLIST_WRITER_OUTPUT_DIR      ; timing/custom                  ; --            ; --          ; eda_timing_analysis  ;
; EDA_OUTPUT_DATA_FORMAT             ; Vhdl                           ; --            ; --          ; eda_simulation       ;
; EDA_OUTPUT_DATA_FORMAT             ; Vhdl                           ; --            ; --          ; eda_timing_analysis  ;
; EDA_SIMULATION_TOOL                ; Custom VHDL                    ; <None>        ; --          ; --                   ;
; EDA_TIMING_ANALYSIS_TOOL           ; Custom VHDL                    ; <None>        ; --          ; --                   ;
; ENABLE_ADVANCED_IO_TIMING          ; On                             ; --            ; --          ; --                   ;
; IP_TOOL_NAME                       ; ALT3PRAM                       ; --            ; --          ; --                   ;
; IP_TOOL_NAME                       ; LPM_ADD_SUB                    ; --            ; --          ; --                   ;
; IP_TOOL_NAME                       ; LPM_COMPARE                    ; --            ; --          ; --                   ;
; IP_TOOL_NAME                       ; LPM_COMPARE                    ; --            ; --          ; --                   ;
; IP_TOOL_NAME                       ; LPM_COMPARE                    ; --            ; --          ; --                   ;
; IP_TOOL_NAME                       ; LPM_COMPARE                    ; --            ; --          ; --                   ;
; IP_TOOL_NAME                       ; LPM_MUX                        ; --            ; --          ; --                   ;
; IP_TOOL_NAME                       ; LPM_MUX                        ; --            ; --          ; --                   ;
; IP_TOOL_NAME                       ; LPM_CONSTANT                   ; --            ; --          ; --                   ;
; IP_TOOL_NAME                       ; LPM_BUSTRI                     ; --            ; --          ; --                   ;
; IP_TOOL_NAME                       ; LPM_MUX                        ; --            ; --          ; --                   ;
; IP_TOOL_NAME                       ; LPM_FF                         ; --            ; --          ; --                   ;
; IP_TOOL_NAME                       ; LPM_COMPARE                    ; --            ; --          ; --                   ;
; IP_TOOL_VERSION                    ; 8.1                            ; --            ; --          ; --                   ;
; IP_TOOL_VERSION                    ; 8.1                            ; --            ; --          ; --                   ;
; IP_TOOL_VERSION                    ; 8.1                            ; --            ; --          ; --                   ;
; IP_TOOL_VERSION                    ; 8.1                            ; --            ; --          ; --                   ;
; IP_TOOL_VERSION                    ; 8.1                            ; --            ; --          ; --                   ;
; IP_TOOL_VERSION                    ; 8.1                            ; --            ; --          ; --                   ;
; IP_TOOL_VERSION                    ; 8.1                            ; --            ; --          ; --                   ;
; IP_TOOL_VERSION                    ; 8.1                            ; --            ; --          ; --                   ;
; IP_TOOL_VERSION                    ; 8.1                            ; --            ; --          ; --                   ;
; IP_TOOL_VERSION                    ; 8.1                            ; --            ; --          ; --                   ;
; IP_TOOL_VERSION                    ; 8.1                            ; --            ; --          ; --                   ;
; IP_TOOL_VERSION                    ; 8.1                            ; --            ; --          ; --                   ;
; IP_TOOL_VERSION                    ; 8.1                            ; --            ; --          ; --                   ;
; MAX_CORE_JUNCTION_TEMP             ; 125                            ; --            ; --          ; --                   ;
; MIN_CORE_JUNCTION_TEMP             ; -40                            ; --            ; --          ; --                   ;
; MISC_FILE                          ; alt3pram0.bsf                  ; --            ; --          ; --                   ;
; MISC_FILE                          ; alt3pram0.cmp                  ; --            ; --          ; --                   ;
; MISC_FILE                          ; lpm_add_sub0.bsf               ; --            ; --          ; --                   ;
; MISC_FILE                          ; lpm_add_sub0.cmp               ; --            ; --          ; --                   ;
; MISC_FILE                          ; lpm_compare0.bsf               ; --            ; --          ; --                   ;
; MISC_FILE                          ; lpm_compare0.cmp               ; --            ; --          ; --                   ;
; MISC_FILE                          ; lpm_compare1.bsf               ; --            ; --          ; --                   ;
; MISC_FILE                          ; lpm_compare1.cmp               ; --            ; --          ; --                   ;
; MISC_FILE                          ; lpm_compare2.bsf               ; --            ; --          ; --                   ;
; MISC_FILE                          ; lpm_compare2.cmp               ; --            ; --          ; --                   ;
; MISC_FILE                          ; lpm_compare3.bsf               ; --            ; --          ; --                   ;
; MISC_FILE                          ; lpm_compare3.cmp               ; --            ; --          ; --                   ;
; MISC_FILE                          ; lpm_mux0.bsf                   ; --            ; --          ; --                   ;
; MISC_FILE                          ; lpm_mux0.cmp                   ; --            ; --          ; --                   ;
; MISC_FILE                          ; lpm_mux1.bsf                   ; --            ; --          ; --                   ;
; MISC_FILE                          ; lpm_mux1.cmp                   ; --            ; --          ; --                   ;
; MISC_FILE                          ; lpm_constant0.bsf              ; --            ; --          ; --                   ;
; MISC_FILE                          ; lpm_constant0.cmp              ; --            ; --          ; --                   ;
; MISC_FILE                          ; lpm_bustri0.bsf                ; --            ; --          ; --                   ;
; MISC_FILE                          ; lpm_bustri0.cmp                ; --            ; --          ; --                   ;
; MISC_FILE                          ; lpm_mux2.bsf                   ; --            ; --          ; --                   ;
; MISC_FILE                          ; lpm_mux2.cmp                   ; --            ; --          ; --                   ;
; MISC_FILE                          ; lpm_dff0.bsf                   ; --            ; --          ; --                   ;
; MISC_FILE                          ; lpm_dff0.cmp                   ; --            ; --          ; --                   ;
; MISC_FILE                          ; lpm_compare4.bsf               ; --            ; --          ; --                   ;
; MISC_FILE                          ; lpm_compare4.cmp               ; --            ; --          ; --                   ;
; NOMINAL_CORE_SUPPLY_VOLTAGE        ; 1.2V                           ; --            ; --          ; --                   ;
; PARTITION_COLOR                    ; 16764057                       ; --            ; Assem       ; Top                  ;
; PARTITION_NETLIST_TYPE             ; SOURCE                         ; --            ; Assem       ; Top                  ;
; TOP_LEVEL_ENTITY                   ; Assem                          ; sorting       ; --          ; --                   ;
; USE_GENERATED_PHYSICAL_CONSTRAINTS ; Off                            ; --            ; --          ; eda_blast_fpga       ;
+------------------------------------+--------------------------------+---------------+-------------+----------------------+


+-------------------------------------------------------------------------------------------------------------------------------+
; Flow Elapsed Time                                                                                                             ;
+---------------------------+--------------+-------------------------+---------------------+------------------------------------+
; Module Name               ; Elapsed Time ; Average Processors Used ; Peak Virtual Memory ; Total CPU Time (on all processors) ;
+---------------------------+--------------+-------------------------+---------------------+------------------------------------+
; Analysis & Synthesis      ; 00:00:03     ; 1.0                     ; 280 MB              ; 00:00:03                           ;
; Fitter                    ; 00:00:03     ; 1.0                     ; 335 MB              ; 00:00:03                           ;
; Assembler                 ; 00:00:01     ; 1.0                     ; 282 MB              ; 00:00:01                           ;
; TimeQuest Timing Analyzer ; 00:00:02     ; 1.0                     ; 282 MB              ; 00:00:02                           ;
; EDA Netlist Writer        ; 00:00:00     ; 1.0                     ; 184 MB              ; 00:00:00                           ;
; Total                     ; 00:00:09     ; --                      ; --                  ; 00:00:09                           ;
+---------------------------+--------------+-------------------------+---------------------+------------------------------------+


+--------------------------------------------------------------------------------------------+
; Flow OS Summary                                                                            ;
+---------------------------+------------------+---------------+------------+----------------+
; Module Name               ; Machine Hostname ; OS Name       ; OS Version ; Processor type ;
+---------------------------+------------------+---------------+------------+----------------+
; Analysis & Synthesis      ; Tonieie          ; Windows Vista ; 6.2        ; x86_64         ;
; Fitter                    ; Tonieie          ; Windows Vista ; 6.2        ; x86_64         ;
; Assembler                 ; Tonieie          ; Windows Vista ; 6.2        ; x86_64         ;
; TimeQuest Timing Analyzer ; Tonieie          ; Windows Vista ; 6.2        ; x86_64         ;
; EDA Netlist Writer        ; Tonieie          ; Windows Vista ; 6.2        ; x86_64         ;
+---------------------------+------------------+---------------+------------+----------------+


------------
; Flow Log ;
------------
quartus_map --read_settings_files=on --write_settings_files=off sorting -c sorting
quartus_fit --read_settings_files=off --write_settings_files=off sorting -c sorting
quartus_asm --read_settings_files=off --write_settings_files=off sorting -c sorting
quartus_sta sorting -c sorting
quartus_eda --read_settings_files=off --write_settings_files=off sorting -c sorting



